2023-04-19 09:12:37 [main] INFO  c.e.backend2.BackEnd2Application - Starting BackEnd2Application using Java 1.8.0_362 on LAPTOP-4UP9GJKJ with PID 13928 (E:\SpringbootDemo\BackEnd2\target\classes started by KyrieFc in E:\SpringbootDemo\BackEnd2)
2023-04-19 09:12:37 [main] INFO  c.e.backend2.BackEnd2Application - No active profile set, falling back to 1 default profile: "default"
2023-04-19 09:12:38 [main] INFO  o.s.b.w.e.tomcat.TomcatWebServer - Tomcat initialized with port(s): 28080 (http)
2023-04-19 09:12:38 [main] INFO  o.a.catalina.core.StandardService - Starting service [Tomcat]
2023-04-19 09:12:38 [main] INFO  o.a.catalina.core.StandardEngine - Starting Servlet engine: [Apache Tomcat/9.0.73]
2023-04-19 09:12:38 [main] INFO  o.a.c.c.C.[Tomcat].[localhost].[/] - Initializing Spring embedded WebApplicationContext
2023-04-19 09:12:38 [main] INFO  o.s.b.w.s.c.ServletWebServerApplicationContext - Root WebApplicationContext: initialization completed in 505 ms
2023-04-19 09:12:38 [main] INFO  o.s.b.w.e.tomcat.TomcatWebServer - Tomcat started on port(s): 28080 (http) with context path ''
2023-04-19 09:12:38 [main] INFO  c.e.backend2.BackEnd2Application - Started BackEnd2Application in 1.081 seconds (JVM running for 1.574)
2023-04-19 09:13:29 [main] INFO  c.e.backend2.BackEnd2Application - Starting BackEnd2Application using Java 1.8.0_362 on LAPTOP-4UP9GJKJ with PID 25700 (E:\SpringbootDemo\BackEnd2\target\classes started by KyrieFc in E:\SpringbootDemo\BackEnd2)
2023-04-19 09:13:29 [main] INFO  c.e.backend2.BackEnd2Application - No active profile set, falling back to 1 default profile: "default"
2023-04-19 09:13:29 [main] INFO  o.s.b.w.e.tomcat.TomcatWebServer - Tomcat initialized with port(s): 28080 (http)
2023-04-19 09:13:29 [main] INFO  o.a.catalina.core.StandardService - Starting service [Tomcat]
2023-04-19 09:13:29 [main] INFO  o.a.catalina.core.StandardEngine - Starting Servlet engine: [Apache Tomcat/9.0.73]
2023-04-19 09:13:29 [main] INFO  o.a.c.c.C.[Tomcat].[localhost].[/] - Initializing Spring embedded WebApplicationContext
2023-04-19 09:13:29 [main] INFO  o.s.b.w.s.c.ServletWebServerApplicationContext - Root WebApplicationContext: initialization completed in 491 ms
2023-04-19 09:13:30 [main] INFO  o.s.b.w.e.tomcat.TomcatWebServer - Tomcat started on port(s): 28080 (http) with context path ''
2023-04-19 09:13:30 [main] INFO  c.e.backend2.BackEnd2Application - Started BackEnd2Application in 1.041 seconds (JVM running for 1.535)
2023-04-19 16:02:08 [main] INFO  c.e.backend2.BackEnd2Application - Starting BackEnd2Application using Java 1.8.0_362 on LAPTOP-4UP9GJKJ with PID 31816 (E:\SpringbootDemo\BackEnd2\target\classes started by KyrieFc in E:\SpringbootDemo\BackEnd2)
2023-04-19 16:02:08 [main] INFO  c.e.backend2.BackEnd2Application - No active profile set, falling back to 1 default profile: "default"
2023-04-19 16:02:08 [main] INFO  o.s.b.w.e.tomcat.TomcatWebServer - Tomcat initialized with port(s): 28080 (http)
2023-04-19 16:02:08 [main] INFO  o.a.catalina.core.StandardService - Starting service [Tomcat]
2023-04-19 16:02:08 [main] INFO  o.a.catalina.core.StandardEngine - Starting Servlet engine: [Apache Tomcat/9.0.73]
2023-04-19 16:02:08 [main] INFO  o.a.c.c.C.[Tomcat].[localhost].[/] - Initializing Spring embedded WebApplicationContext
2023-04-19 16:02:09 [main] INFO  o.s.b.w.s.c.ServletWebServerApplicationContext - Root WebApplicationContext: initialization completed in 510 ms
2023-04-19 16:02:09 [main] WARN  o.s.b.w.s.c.AnnotationConfigServletWebServerApplicationContext - Exception encountered during context initialization - cancelling refresh attempt: org.springframework.context.ApplicationContextException: Failed to start bean 'webServerStartStop'; nested exception is org.springframework.boot.web.server.PortInUseException: Port 28080 is already in use
2023-04-19 16:02:09 [main] INFO  o.a.catalina.core.StandardService - Stopping service [Tomcat]
2023-04-19 16:02:09 [main] INFO  o.s.b.a.l.ConditionEvaluationReportLoggingListener - 

Error starting ApplicationContext. To display the conditions report re-run your application with 'debug' enabled.
2023-04-19 16:02:09 [main] ERROR o.s.b.d.LoggingFailureAnalysisReporter - 

***************************
APPLICATION FAILED TO START
***************************

Description:

Web server failed to start. Port 28080 was already in use.

Action:

Identify and stop the process that's listening on port 28080 or configure this application to listen on another port.

